<log realm="LMS.system" at="Sun May 09 19:41:35 ICT 2010.143">
  <Add_Point_Receive>
    02003000000020C00000407000000000200000379604215000000046D1406101146803000000003232322020202020322020202020202020202020202020
  </Add_Point_Receive>
</log>
<log realm="LMS.system" at="Sun May 09 19:41:35 ICT 2010.145">
  <Add_Point_Response>
    02102000000002C10008407000303032323220202020203220202020202020202020202020200014FF510430303034FF5204303034320053FF001831302042616E204E68616E2044756F6320416F205468756EFF011731352042616E204E68616E2044756F6320586520446170
  </Add_Point_Response>
</log>
<log realm="LMS.system" at="Sun May 09 19:42:32 ICT 2010.377">
  <Subtract_Point_Receive>
    02003000000020C00000417000000000200000379604215000000046D1406101146803000000003232322020202020322020202020202020202020202020
  </Subtract_Point_Receive>
</log>
<log realm="LMS.system" at="Sun May 09 19:42:32 ICT 2010.379">
  <Subtract_Point_Response>
    02102000000002C10008417000303032323220202020203220202020202020202020202020200014FF510430303032FF5204303034300053FF001831302042616E204E68616E2044756F6320416F205468756EFF011731352042616E204E68616E2044756F6320586520446170
  </Subtract_Point_Response>
</log>
<log realm="LMS.system" at="Sun May 09 19:43:57 ICT 2010.794">
  <Balance_Inquiry_Receive>
    02002000000020C00000427000379604215000000046D1406101146803000000003232322020202020322020202020202020202020202020
  </Balance_Inquiry_Receive>
</log>
<log realm="LMS.system" at="Sun May 09 19:43:57 ICT 2010.794">
  <Balance_Inquiry_Response>
    02102000000002C10008427000303032323220202020203220202020202020202020202020200007FF5104303034300053FF001831302042616E204E68616E2044756F6320416F205468756EFF011731352042616E204E68616E2044756F6320586520446170
  </Balance_Inquiry_Response>
</log>
<log realm="LMS.system" at="Sun May 09 19:44:35 ICT 2010.875">
  <Redemption_Receive>
    02003000000020C00000447000000000000010379604215000000046D1406101146803000000003232322020202020322020202020202020202020202020
  </Redemption_Receive>
</log>
<log realm="LMS.system" at="Sun May 09 19:44:35 ICT 2010.879">
  <Redemption_Response>
    02102000000002C10008447000303032323220202020203220202020202020202020202020200007FF5104303033300024FF511542616E204E68616E2044756F6320416F205468756E
  </Redemption_Response>
</log>
